[0m18:24:26.268142 [debug] [MainThread]: Sending event: {'category': 'dbt', 'action': 'invocation', 'label': 'start', 'context': [<snowplow_tracker.self_describing_json.SelfDescribingJson object at 0x7f34edeaabf0>, <snowplow_tracker.self_describing_json.SelfDescribingJson object at 0x7f34ebe12020>, <snowplow_tracker.self_describing_json.SelfDescribingJson object at 0x7f34ebe11fc0>]}


============================== 18:24:26.271451 | abbcf021-bd2a-441f-bc8d-3aeb959cbe52 ==============================
[0m18:24:26.271451 [info ] [MainThread]: Running with dbt=1.7.3
[0m18:24:26.272260 [debug] [MainThread]: running dbt with arguments {'printer_width': '80', 'indirect_selection': 'eager', 'log_cache_events': 'False', 'write_json': 'True', 'partial_parse': 'True', 'cache_selected_only': 'False', 'warn_error': 'None', 'version_check': 'True', 'profiles_dir': '/home/fer/.dbt', 'log_path': '/home/fer/analytics_dbt/logs', 'fail_fast': 'False', 'debug': 'False', 'use_colors': 'True', 'use_experimental_parser': 'False', 'no_print': 'None', 'quiet': 'False', 'log_format': 'default', 'invocation_command': 'dbt debug', 'static_parser': 'True', 'warn_error_options': 'WarnErrorOptions(include=[], exclude=[])', 'target_path': 'None', 'introspect': 'True', 'send_anonymous_usage_stats': 'True'}
[0m18:24:26.272686 [info ] [MainThread]: dbt version: 1.7.3
[0m18:24:26.273056 [info ] [MainThread]: python version: 3.10.12
[0m18:24:26.273390 [info ] [MainThread]: python path: /home/fer/dbt-env/bin/python
[0m18:24:26.273715 [info ] [MainThread]: os info: Linux-6.2.0-37-generic-x86_64-with-glibc2.35
[0m18:24:26.572898 [info ] [MainThread]: Using profiles dir at /home/fer/.dbt
[0m18:24:26.573761 [info ] [MainThread]: Using profiles.yml file at /home/fer/.dbt/profiles.yml
[0m18:24:26.574208 [info ] [MainThread]: Using dbt_project.yml file at /home/fer/analytics_dbt/dbt_project.yml
[0m18:24:26.574837 [info ] [MainThread]: adapter type: redshift
[0m18:24:26.575234 [info ] [MainThread]: adapter version: 1.7.1
[0m18:24:26.679004 [info ] [MainThread]: Configuration:
[0m18:24:26.680109 [info ] [MainThread]:   profiles.yml file [[32mOK found and valid[0m]
[0m18:24:26.680663 [info ] [MainThread]:   dbt_project.yml file [[32mOK found and valid[0m]
[0m18:24:26.681058 [info ] [MainThread]: Required dependencies:
[0m18:24:26.681477 [debug] [MainThread]: Executing "git --help"
[0m18:24:26.687142 [debug] [MainThread]: STDOUT: "b"usage: git [--version] [--help] [-C <path>] [-c <name>=<value>]\n           [--exec-path[=<path>]] [--html-path] [--man-path] [--info-path]\n           [-p | --paginate | -P | --no-pager] [--no-replace-objects] [--bare]\n           [--git-dir=<path>] [--work-tree=<path>] [--namespace=<name>]\n           [--super-prefix=<path>] [--config-env=<name>=<envvar>]\n           <command> [<args>]\n\nThese are common Git commands used in various situations:\n\nstart a working area (see also: git help tutorial)\n   clone     Clone a repository into a new directory\n   init      Create an empty Git repository or reinitialize an existing one\n\nwork on the current change (see also: git help everyday)\n   add       Add file contents to the index\n   mv        Move or rename a file, a directory, or a symlink\n   restore   Restore working tree files\n   rm        Remove files from the working tree and from the index\n\nexamine the history and state (see also: git help revisions)\n   bisect    Use binary search to find the commit that introduced a bug\n   diff      Show changes between commits, commit and working tree, etc\n   grep      Print lines matching a pattern\n   log       Show commit logs\n   show      Show various types of objects\n   status    Show the working tree status\n\ngrow, mark and tweak your common history\n   branch    List, create, or delete branches\n   commit    Record changes to the repository\n   merge     Join two or more development histories together\n   rebase    Reapply commits on top of another base tip\n   reset     Reset current HEAD to the specified state\n   switch    Switch branches\n   tag       Create, list, delete or verify a tag object signed with GPG\n\ncollaborate (see also: git help workflows)\n   fetch     Download objects and refs from another repository\n   pull      Fetch from and integrate with another repository or a local branch\n   push      Update remote refs along with associated objects\n\n'git help -a' and 'git help -g' list available subcommands and some\nconcept guides. See 'git help <command>' or 'git help <concept>'\nto read about a specific subcommand or concept.\nSee 'git help git' for an overview of the system.\n""
[0m18:24:26.687725 [debug] [MainThread]: STDERR: "b''"
[0m18:24:26.688043 [info ] [MainThread]:  - git [[32mOK found[0m]

[0m18:24:26.688604 [info ] [MainThread]: Connection:
[0m18:24:26.688995 [info ] [MainThread]:   host: redshift-cluster-1.ckbtftqiyrh0.us-east-2.redshift.amaz
[0m18:24:26.689338 [info ] [MainThread]:   user: awsuser
[0m18:24:26.689703 [info ] [MainThread]:   port: 5439
[0m18:24:26.690020 [info ] [MainThread]:   database: dev
[0m18:24:26.690363 [info ] [MainThread]:   method: database
[0m18:24:26.690616 [info ] [MainThread]:   cluster_id: None
[0m18:24:26.690936 [info ] [MainThread]:   iam_profile: None
[0m18:24:26.691253 [info ] [MainThread]:   schema: public
[0m18:24:26.691611 [info ] [MainThread]:   sslmode: prefer
[0m18:24:26.691924 [info ] [MainThread]:   region: None
[0m18:24:26.692377 [info ] [MainThread]:   sslmode: prefer
[0m18:24:26.692692 [info ] [MainThread]:   region: None
[0m18:24:26.693001 [info ] [MainThread]:   iam_profile: None
[0m18:24:26.693329 [info ] [MainThread]:   autocreate: False
[0m18:24:26.693641 [info ] [MainThread]:   db_groups: []
[0m18:24:26.693950 [info ] [MainThread]:   ra3_node: False
[0m18:24:26.694257 [info ] [MainThread]:   connect_timeout: None
[0m18:24:26.694595 [info ] [MainThread]:   role: None
[0m18:24:26.694903 [info ] [MainThread]:   retries: 1
[0m18:24:26.695242 [info ] [MainThread]:   autocommit: True
[0m18:24:26.696239 [info ] [MainThread]: Registered adapter: redshift=1.7.1
[0m18:24:26.697712 [debug] [MainThread]: Acquiring new redshift connection 'debug'
[0m18:24:26.704351 [debug] [MainThread]: Using redshift connection "debug"
[0m18:24:26.704830 [debug] [MainThread]: On debug: select 1 as id
[0m18:24:26.705107 [debug] [MainThread]: Opening a new connection, currently in state init
[0m18:24:26.708626 [debug] [MainThread]: Redshift adapter: Establishing connection using ssl with `sslmode` set to 'prefer'.To connect without ssl, set `sslmode` to 'disable'.
[0m18:24:26.709080 [debug] [MainThread]: Redshift adapter: Connecting to redshift with username/password based auth...
[0m18:24:26.792751 [debug] [MainThread]: Redshift adapter: Error running SQL: select 1 as id
[0m18:24:26.793662 [debug] [MainThread]: Redshift adapter: Rolling back transaction.
[0m18:24:26.794029 [debug] [MainThread]: On debug: No close available on handle
[0m18:24:26.794346 [info ] [MainThread]:   Connection test: [[31mERROR[0m]

[0m18:24:26.794783 [info ] [MainThread]: [31m1 check failed:[0m
[0m18:24:26.795424 [info ] [MainThread]: dbt was unable to connect to the specified database.
The database returned the following error:

  >Database Error
  ('communication error', gaierror(-2, 'Name or service not known'))

Check your database credentials and try again. For more information, visit:
https://docs.getdbt.com/docs/configure-your-profile


[0m18:24:26.797521 [debug] [MainThread]: Resource report: {"command_name": "debug", "command_wall_clock_time": 0.5784864, "process_user_time": 2.081904, "process_kernel_time": 0.335644, "process_mem_max_rss": "106252", "process_out_blocks": "16", "command_success": false, "process_in_blocks": "0"}
[0m18:24:26.798836 [debug] [MainThread]: Command `dbt debug` failed at 18:24:26.798624 after 0.58 seconds
[0m18:24:26.799542 [debug] [MainThread]: Connection 'debug' was properly closed.
[0m18:24:26.800041 [debug] [MainThread]: Sending event: {'category': 'dbt', 'action': 'invocation', 'label': 'end', 'context': [<snowplow_tracker.self_describing_json.SelfDescribingJson object at 0x7f34edeaabf0>, <snowplow_tracker.self_describing_json.SelfDescribingJson object at 0x7f34eb18e530>, <snowplow_tracker.self_describing_json.SelfDescribingJson object at 0x7f34ebd7ed10>]}
[0m18:24:26.801388 [debug] [MainThread]: Flushing usage events
